[debug] [2026-06-23T09:07:23.498Z] ----------------------------------------------------------------------
[debug] [2026-06-23T09:07:23.500Z] Command:       C:\Program Files\nodejs\node.exe C:\Users\Jawad\AppData\Roaming\npm\node_modules\firebase-tools\lib\bin\firebase.js deploy --only hosting
[debug] [2026-06-23T09:07:23.501Z] CLI Version:   15.22.1
[debug] [2026-06-23T09:07:23.501Z] Platform:      win32
[debug] [2026-06-23T09:07:23.501Z] Node Version:  v24.16.0
[debug] [2026-06-23T09:07:23.501Z] Detected Agent: unknown
[debug] [2026-06-23T09:07:23.501Z] Time:          Tue Jun 23 2026 14:07:23 GMT+0500 (Pakistan Standard Time)
[debug] [2026-06-23T09:07:23.501Z] ----------------------------------------------------------------------
[debug] 
[debug] [2026-06-23T09:07:29.363Z] > command requires scopes: ["email","openid","https://www.googleapis.com/auth/cloudplatformprojects.readonly","https://www.googleapis.com/auth/firebase","https://www.googleapis.com/auth/cloud-platform"]
[debug] [2026-06-23T09:07:29.363Z] > authorizing via signed-in user (m.jawadahmad116@gmail.com)
[debug] [2026-06-23T09:07:29.364Z] [iam] checking project cafecore-4dd66 for permissions ["firebase.projects.get","firebasehosting.sites.update"]
[debug] [2026-06-23T09:07:29.365Z] Checked if tokens are valid: true, expires at: 1782208593607
[debug] [2026-06-23T09:07:29.366Z] Checked if tokens are valid: true, expires at: 1782208593607
[debug] [2026-06-23T09:07:29.367Z] >>> [apiv2][query] POST https://cloudresourcemanager.googleapis.com/v1/projects/cafecore-4dd66:testIamPermissions [none]
[debug] [2026-06-23T09:07:29.367Z] >>> [apiv2][(partial)header] POST https://cloudresourcemanager.googleapis.com/v1/projects/cafecore-4dd66:testIamPermissions  x-goog-user-project=cafecore-4dd66
[debug] [2026-06-23T09:07:29.367Z] >>> [apiv2][body] POST https://cloudresourcemanager.googleapis.com/v1/projects/cafecore-4dd66:testIamPermissions {"permissions":["firebase.projects.get","firebasehosting.sites.update"]}
[debug] [2026-06-23T09:07:31.112Z] <<< [apiv2][status] POST https://cloudresourcemanager.googleapis.com/v1/projects/cafecore-4dd66:testIamPermissions 200
[debug] [2026-06-23T09:07:31.112Z] <<< [apiv2][body] POST https://cloudresourcemanager.googleapis.com/v1/projects/cafecore-4dd66:testIamPermissions {"permissions":["firebase.projects.get","firebasehosting.sites.update"]}
[debug] [2026-06-23T09:07:31.113Z] Checked if tokens are valid: true, expires at: 1782208593607
[debug] [2026-06-23T09:07:31.113Z] Checked if tokens are valid: true, expires at: 1782208593607
[debug] [2026-06-23T09:07:31.113Z] >>> [apiv2][query] GET https://firebase.googleapis.com/v1beta1/projects/cafecore-4dd66 [none]
[debug] [2026-06-23T09:07:31.281Z] *** [apiv2] error from fetch(https://firebase.googleapis.com/v1beta1/projects/cafecore-4dd66, {"headers":{},"method":"GET","signal":{"reason":""}}): FetchError: request to https://firebase.googleapis.com/v1beta1/projects/cafecore-4dd66 failed, reason: read ECONNRESET
[debug] [2026-06-23T09:07:31.282Z] Failed to make request to https://firebase.googleapis.com/v1beta1/projects/cafecore-4dd66 (original: request to https://firebase.googleapis.com/v1beta1/projects/cafecore-4dd66 failed, reason: read ECONNRESET)
[error] 
[error] Error: Assertion failed: resolving hosting target of a site with no site name or target name. This should have caused an error earlier
